<?xml version="1.0" encoding="UTF-8"?>
<testsuite xmlns:xsi="http://www.w3.org/2001/XMLSchema-instance" xsi:noNamespaceSchemaLocation="https://maven.apache.org/surefire/maven-surefire-plugin/xsd/surefire-test-report-3.0.xsd" version="3.0" name="com.fantalol.backend.common.StaticResourceIntegrationTest" time="1.493" tests="16" errors="0" skipped="0" failures="0">
  <properties>
[...]
</properties>
  <testcase name="portraitStylesheetShowsTheCompletePlayerImage" classname="com.fantalol.backend.common.StaticResourceIntegrationTest" time="0.066">
    <system-out><![CDATA[2026-07-22T13:06:33.316Z  INFO 105 --- [fantalol-backend] [           main] t.c.s.AnnotationConfigContextLoaderUtils : Could not detect default configuration classes for test class [com.fantalol.backend.common.StaticResourceIntegrationTest]: StaticResourceIntegrationTest does not declare any static, non-private, non-final, nested classes annotated with @Configuration.
2026-07-22T13:06:33.330Z  INFO 105 --- [fantalol-backend] [           main] .b.t.c.SpringBootTestContextBootstrapper : Found @SpringBootConfiguration com.fantalol.backend.FantaLolBackendApplication for test class com.fantalol.backend.common.StaticResourceIntegrationTest

  .   ____          _            __ _ _
 /\\ / ___'_ __ _ _(_)_ __  __ _ \ \ \ \
( ( )\___ | '_ | '_| | '_ \/ _` | \ \ \ \
 \\/  ___)| |_)| | | | | || (_| |  ) ) ) )
  '  |____| .__|_| |_|_| |_\__, | / / / /
 =========|_|==============|___/=/_/_/_/

 :: Spring Boot ::                (v3.3.4)

2026-07-22T13:06:33.358Z  INFO 105 --- [fantalol-backend] [           main] c.f.b.c.StaticResourceIntegrationTest    : Starting StaticResourceIntegrationTest using Java 17.0.15 with PID 105 (started by root in /workspace/fantalol-backend)
2026-07-22T13:06:33.359Z  INFO 105 --- [fantalol-backend] [           main] c.f.b.c.StaticResourceIntegrationTest    : The following 1 profile is active: "test"
2026-07-22T13:06:33.554Z  INFO 105 --- [fantalol-backend] [           main] .s.d.r.c.RepositoryConfigurationDelegate : Bootstrapping Spring Data JPA repositories in DEFAULT mode.
2026-07-22T13:06:33.568Z  INFO 105 --- [fantalol-backend] [           main] .s.d.r.c.RepositoryConfigurationDelegate : Finished Spring Data repository scanning in 13 ms. Found 11 JPA repository interfaces.
2026-07-22T13:06:33.695Z  INFO 105 --- [fantalol-backend] [           main] o.hibernate.jpa.internal.util.LogHelper  : HHH000204: Processing PersistenceUnitInfo [name: default]
2026-07-22T13:06:33.698Z  INFO 105 --- [fantalol-backend] [           main] o.h.c.internal.RegionFactoryInitiator    : HHH000026: Second-level cache disabled
2026-07-22T13:06:33.705Z  INFO 105 --- [fantalol-backend] [           main] o.s.o.j.p.SpringPersistenceUnitInfo      : No LoadTimeWeaver setup: ignoring JPA class transformer
2026-07-22T13:06:33.706Z  INFO 105 --- [fantalol-backend] [           main] com.zaxxer.hikari.HikariDataSource       : HikariPool-2 - Starting...
2026-07-22T13:06:33.708Z  INFO 105 --- [fantalol-backend] [           main] com.zaxxer.hikari.pool.HikariPool        : HikariPool-2 - Added connection conn10: url=jdbc:h2:mem:fantalol_test user=SA
2026-07-22T13:06:33.709Z  INFO 105 --- [fantalol-backend] [           main] com.zaxxer.hikari.HikariDataSource       : HikariPool-2 - Start completed.
2026-07-22T13:06:33.710Z  WARN 105 --- [fantalol-backend] [           main] org.hibernate.orm.deprecation            : HHH90000025: H2Dialect does not need to be specified explicitly using 'hibernate.dialect' (remove the property setting and it will be selected by default)
2026-07-22T13:06:33.913Z  INFO 105 --- [fantalol-backend] [           main] o.h.e.t.j.p.i.JtaPlatformInitiator       : HHH000489: No JTA platform available (set 'hibernate.transaction.jta.platform' to enable JTA platform integration)
2026-07-22T13:06:33.957Z  INFO 105 --- [fantalol-backend] [           main] j.LocalContainerEntityManagerFactoryBean : Initialized JPA EntityManagerFactory for persistence unit 'default'
2026-07-22T13:06:34.128Z  INFO 105 --- [fantalol-backend] [           main] eAuthenticationProviderManagerConfigurer : Global AuthenticationManager configured with AuthenticationProvider bean with name authenticationProvider
2026-07-22T13:06:34.129Z  WARN 105 --- [fantalol-backend] [           main] r$InitializeUserDetailsManagerConfigurer : Global AuthenticationManager configured with an AuthenticationProvider bean. UserDetailsService beans will not be used for username/password login. Consider removing the AuthenticationProvider bean. Alternatively, consider using the UserDetailsService in a manually instantiated DaoAuthenticationProvider.
2026-07-22T13:06:34.187Z  INFO 105 --- [fantalol-backend] [           main] o.s.b.a.w.s.WelcomePageHandlerMapping    : Adding welcome page: class path resource [static/index.html]
2026-07-22T13:06:34.405Z  INFO 105 --- [fantalol-backend] [           main] o.s.b.t.m.w.SpringBootMockServletContext : Initializing Spring TestDispatcherServlet ''
2026-07-22T13:06:34.406Z  INFO 105 --- [fantalol-backend] [           main] o.s.t.web.servlet.TestDispatcherServlet  : Initializing Servlet ''
2026-07-22T13:06:34.408Z  INFO 105 --- [fantalol-backend] [           main] o.s.t.web.servlet.TestDispatcherServlet  : Completed initialization in 2 ms
2026-07-22T13:06:34.416Z  INFO 105 --- [fantalol-backend] [           main] c.f.b.c.StaticResourceIntegrationTest    : Started StaticResourceIntegrationTest in 1.084 seconds (process running for 12.818)
]]></system-out>
  </testcase>
  <testcase name="frontendSupportsAdminLeagueDeletionAndUserEmailDirectory" classname="com.fantalol.backend.common.StaticResourceIntegrationTest" time="0.012"/>
  <testcase name="homeContainsCompleteRulesDialogAndLeagueDetailNavigation" classname="com.fantalol.backend.common.StaticResourceIntegrationTest" time="0.01"/>
  <testcase name="servesPlayerPortraitWithoutAuthentication" classname="com.fantalol.backend.common.StaticResourceIntegrationTest" time="0.006"/>
  <testcase name="homeUsesFantaLeagueBrandAndPlayerHeroImages" classname="com.fantalol.backend.common.StaticResourceIntegrationTest" time="0.01"/>
  <testcase name="servesLeagueDashboardAndItsIntegrationReadyAssets" classname="com.fantalol.backend.common.StaticResourceIntegrationTest" time="0.02"/>
  <testcase name="rulesTriggerIsAFullSizeSecondaryButton" classname="com.fantalol.backend.common.StaticResourceIntegrationTest" time="0.008"/>
  <testcase name="loginDialogDoesNotExposeOrPrefillAdministratorCredentials" classname="com.fantalol.backend.common.StaticResourceIntegrationTest" time="0.006"/>
  <testcase name="missingStaticResourceReturnsNotFound" classname="com.fantalol.backend.common.StaticResourceIntegrationTest" time="0.098"/>
  <testcase name="homeContainsTheAdminUserDirectory" classname="com.fantalol.backend.common.StaticResourceIntegrationTest" time="0.007"/>
  <testcase name="mainStylesheetUsesBlueVioletTheme" classname="com.fantalol.backend.common.StaticResourceIntegrationTest" time="0.004"/>
  <testcase name="javascriptHandlesTheAdminShortcut" classname="com.fantalol.backend.common.StaticResourceIntegrationTest" time="0.004"/>
  <testcase name="servesTheFrontendFaviconWithoutAuthentication" classname="com.fantalol.backend.common.StaticResourceIntegrationTest" time="0.007"/>
  <testcase name="frontendContainsLeagueAuctionControlsAndAutomaticRefresh" classname="com.fantalol.backend.common.StaticResourceIntegrationTest" time="0.007"/>
  <testcase name="homeOrdersLeaguesBeforePlayersInNavigationAndContent" classname="com.fantalol.backend.common.StaticResourceIntegrationTest" time="0.008"/>
  <testcase name="servesTeamLogoWithoutAuthentication" classname="com.fantalol.backend.common.StaticResourceIntegrationTest" time="0.004"/>
</testsuite>